#
# A fatal error has been detected by the Java Runtime Environment:
#
#  EXCEPTION_ACCESS_VIOLATION (0xc0000005) at pc=0x000001d94e330fa4, pid=14776, tid=2120
#
# JRE version: OpenJDK Runtime Environment Temurin-21.0.3+9 (21.0.3+9) (build 21.0.3+9-LTS)
# Java VM: OpenJDK 64-Bit Server VM Temurin-21.0.3+9 (21.0.3+9-LTS, mixed mode, emulated-client, tiered, compressed oops, compressed class ptrs, g1 gc, windows-amd64)
# Problematic frame:
# v  ~BufferBlob::MethodHandles adapters 0x000001d94e330fa4
#
# No core dump will be written. Minidumps are not enabled by default on client versions of Windows
#
# If you would like to submit a bug report, please visit:
#   https://github.com/adoptium/adoptium-support/issues
#

---------------  S U M M A R Y ------------

Command Line: -XX:+ShowCodeDetailsInExceptionMessages -agentlib:jdwp=transport=dt_socket,suspend=y,address=localhost:50726 -Dcom.sun.management.jmxremote -Dcom.sun.management.jmxremote.port=50725 -Dcom.sun.management.jmxremote.authenticate=false -Dcom.sun.management.jmxremote.ssl=false -Djava.rmi.server.hostname=localhost -Dspring.jmx.enabled=true -Dmanagement.endpoints.jmx.exposure.include=* -Dspring.application.admin.enabled=true -XX:TieredStopAtLevel=1 -Dspring.boot.project.name=vicente-ytech -javaagent:C:\Users\VICENTE SIMAO\Downloads\sts-4.23.1.RELEASE\configuration\org.eclipse.osgi\270\0\.cp\lib\javaagent-shaded.jar -Dfile.encoding=UTF-8 -Dstdout.encoding=UTF-8 -Dstderr.encoding=UTF-8 com.example.vicenteytech.VicenteYtechApplication --spring.output.ansi.enabled=always

Host: Intel(R) Core(TM) i7-7600U CPU @ 2.80GHz, 4 cores, 15G,  Windows 10 , 64 bit Build 19041 (10.0.19041.4597)
Time: Thu Jul 18 14:18:49 2024 GMT Daylight Time elapsed time: 1170.279505 seconds (0d 0h 19m 30s)

---------------  T H R E A D  ---------------

Current thread (0x000001d96000b740):  JavaThread "http-nio-8080-exec-3" daemon [_thread_in_Java, id=2120, stack(0x0000001e96400000,0x0000001e96500000) (1024K)]

Stack: [0x0000001e96400000,0x0000001e96500000],  sp=0x0000001e964fc048,  free space=1008k
Native frames: (J=compiled Java code, j=interpreted, Vv=VM code, C=native code)
C  0x000001d94e330fa4

The last pc belongs to _linkToVirtual (printed below).

siginfo: EXCEPTION_ACCESS_VIOLATION (0xc0000005), reading address 0xffffffffffffffff


Registers:
RAX=0x000001d94e30958b, RBX=0x00000007076ab478, RCX=0x0000001e964fc050, RDX=0x0000000000000002
RSP=0x0000001e964fc048, RBP=0x0000001e964fc098, RSI=0x000001d95f4f43b8, RDI=0x000001d95fb5a870
R8 =0x0000000000000004, R9 =0x0000000000000004, R10=0x00000008593e6f22, R11=0xe0ec9a00e0ec044d
R12=0x0000000000000000, R13=0x0000001e964fc048, R14=0x0000001e964fc0b8, R15=0x000001d96000b740
RIP=0x000001d94e330fa4, EFLAGS=0x0000000000010206


Register to memory mapping:

RAX=0x000001d94e30958b is at code_begin+4363 in an Interpreter codelet
return entry points  [0x000001d94e308480, 0x000001d94e30a298]  7704 bytes
RBX=0x00000007076ab478 is an oop: com.example.vicenteytech.controllers.OrderController 
{0x00000007076ab478} - klass: 'com/example/vicenteytech/controllers/OrderController'
 - ---- fields (total size 3 words):
 - private final 'orderService' 'Lcom/example/vicenteytech/service/OrderService;' @12  a 'com/example/vicenteytech/service/OrderService$$EnhancerBySpringCGLIB$$6d022b9f'{0x00000007076ab490} (0xe0ed5692)
 - private final 'modelMapper' 'Lorg/modelmapper/ModelMapper;' @16  a 'org/modelmapper/ModelMapper'{0x0000000707602268} (0xe0ec044d)
 - private final 'usuarioServiceImpl' 'Lcom/example/vicenteytech/service/UsuarioServiceImpl;' @20  a 'com/example/vicenteytech/service/UsuarioServiceImpl$$EnhancerBySpringCGLIB$$3a9a1dff'{0x000000070764d000} (0xe0ec9a00)
RCX=0x0000001e964fc050 is pointing into the stack for thread: 0x000001d96000b740
RDX=0x0000000000000002 is an unknown value
RSP=0x0000001e964fc048 is pointing into the stack for thread: 0x000001d96000b740
RBP=0x0000001e964fc098 is pointing into the stack for thread: 0x000001d96000b740
RSI=0x000001d95f4f43b8 points into unknown readable memory: 0x8000337295c671d5 | d5 71 c6 95 72 33 00 80
RDI=0x000001d95fb5a870 points into unknown readable memory: 0x0000001800000060 | 60 00 00 00 18 00 00 00
R8 =0x0000000000000004 is an unknown value
R9 =0x0000000000000004 is an unknown value
R10=0x00000008593e6f22 is an unknown value
R11=0xe0ec9a00e0ec044d is an unknown value
R12=0x0 is null
R13=0x0000001e964fc048 is pointing into the stack for thread: 0x000001d96000b740
R14=0x0000001e964fc0b8 is pointing into the stack for thread: 0x000001d96000b740
R15=0x000001d96000b740 is a thread

Top of Stack: (sp=0x0000001e964fc048)
0x0000001e964fc048:   000001d94e30958b 0000001e964fc050
0x0000001e964fc058:   000001d9593e6f22 0000000000000004
0x0000001e964fc068:   000001d9593eb1b0 00000007060002f8
0x0000001e964fc078:   00000007060010a8 000001d9593e6f30
0x0000001e964fc088:   0000001e964fc048 0000001e964fc0c0
0x0000001e964fc098:   0000001e964fc3c8 000001d94e9cd530
0x0000001e964fc0a8:   000000070b450b50 00000007076ab478
0x0000001e964fc0b8:   000000070b450ca0 000000070b44f210
0x0000001e964fc0c8:   000000070b44f288 00000007069e5a78
0x0000001e964fc0d8:   000000070b450e70 00000007076ab478
0x0000001e964fc0e8:   000000070b450e20 000000070b450ca0
0x0000001e964fc0f8:   00000007076ab478 000001d94e9cd46c
0x0000001e964fc108:   0000000000000000 0000001e964fc3c8
0x0000001e964fc118:   000001d94ecf9bb2 00000007069e5a78
0x0000001e964fc128:   000000070b450e98 000000070b450e70
0x0000001e964fc138:   0000000700000001 00000007069e5a78
0x0000001e964fc148:   00000007086cf238 00000007075ddf48
0x0000001e964fc158:   0000000000000001 0000001e964fc3c8
0x0000001e964fc168:   000001d94e6b16ec 00000007064b8800
0x0000001e964fc178:   000000070b44f458 0000001e964fc3c8
0x0000001e964fc188:   000001d94ef944f4 0000000000000000
0x0000001e964fc198:   0000000000000000 0000000000000000
0x0000001e964fc1a8:   0000000000000000 0000000000000000
0x0000001e964fc1b8:   0000000000000000 0000000000000000
0x0000001e964fc1c8:   0000000000000000 000000070b450e98
0x0000001e964fc1d8:   00000007086cfa18 00000007076ab478
0x0000001e964fc1e8:   0000000706000d20 00000007075de2e0
0x0000001e964fc1f8:   00000007075ddf48 0000000000000000
0x0000001e964fc208:   000000070b450e98 0000001e964fc3c8
0x0000001e964fc218:   000001d94ef86619 00000007075de2e0
0x0000001e964fc228:   0000000000000000 000000070b450e70
0x0000001e964fc238:   000001d94e6a74dc 0000000000000000 

Instructions: (pc=0x000001d94e330fa4)
0x000001d94e330ea4:   d9 01 00 00 00 0f 33 4e d9 01 00 00 80 1f 33 4e
0x000001d94e330eb4:   d9 01 00 00 f0 0e 33 4e d9 01 00 00 f0 0e 33 4e
0x000001d94e330ec4:   d9 01 00 00 00 00 00 00 00 00 00 00 d8 e6 e3 b6
0x000001d94e330ed4:   fa 7f 00 00 f0 10 00 00 60 00 00 00 ff ff ff ff
0x000001d94e330ee4:   f0 10 00 00 00 00 00 00 00 00 00 00 00 00 00 00
0x000001d94e330ef4:   00 00 00 00 00 00 00 00 00 00 00 00 f4 66 66 66
0x000001d94e330f04:   0f 1f 84 00 00 00 00 00 66 66 66 90 66 66 66 0f
0x000001d94e330f14:   1f 84 00 00 00 00 00 66 66 66 90 90 48 8b 53 08
0x000001d94e330f24:   0f b7 52 2e 48 8b 0c d4 8b 59 14 48 c1 e3 03 8b
0x000001d94e330f34:   5b 28 48 c1 e3 03 8b 5b 24 48 c1 e3 03 48 8b 5b
0x000001d94e330f44:   10 48 85 db 0f 84 10 00 00 00 41 80 bf e0 05 00
0x000001d94e330f54:   00 00 74 03 ff 63 38 ff 63 50 e9 9d 16 00 00 66
0x000001d94e330f64:   66 66 0f 1f 84 00 00 00 00 00 66 66 66 90 66 66
0x000001d94e330f74:   0f 1f 84 00 00 00 00 00 66 66 66 90 48 8b 53 08
0x000001d94e330f84:   0f b7 52 2e 48 8b 0c d4 58 5b 50 44 8b 51 08 49
0x000001d94e330f94:   bb 00 00 00 00 08 00 00 00 4d 03 d3 4c 8b 5b 10
0x000001d94e330fa4:   4b 8b 9c da c8 01 00 00 48 85 db 0f 84 10 00 00
0x000001d94e330fb4:   00 41 80 bf e0 05 00 00 00 74 03 ff 63 38 ff 63
0x000001d94e330fc4:   50 e9 36 16 00 00 66 66 66 0f 1f 84 00 00 00 00
0x000001d94e330fd4:   00 66 66 66 90 0f 1f 80 00 00 00 00 58 5b 50 8b
0x000001d94e330fe4:   5b 24 48 c1 e3 03 48 8b 5b 10 48 85 db 0f 84 10
0x000001d94e330ff4:   00 00 00 41 80 bf e0 05 00 00 00 74 03 ff 63 38
0x000001d94e331004:   ff 63 50 e9 f4 15 00 00 66 66 66 0f 1f 84 00 00
0x000001d94e331014:   00 00 00 66 66 66 90 0f 1f 44 00 00 48 8b 53 08
0x000001d94e331024:   0f b7 52 2e 48 8b 0c d4 58 5b 50 48 3b 01 8b 5b
0x000001d94e331034:   24 48 c1 e3 03 48 8b 5b 10 48 85 db 0f 84 10 00
0x000001d94e331044:   00 00 41 80 bf e0 05 00 00 00 74 03 ff 63 38 ff
0x000001d94e331054:   63 50 e9 a5 15 00 00 0f 1f 44 00 00 48 8b 53 08
0x000001d94e331064:   0f b7 52 2e 48 8b 0c d4 58 5b 50 44 8b 51 08 49
0x000001d94e331074:   bb 00 00 00 00 08 00 00 00 4d 03 d3 8b 43 18 48
0x000001d94e331084:   c1 e0 03 48 8b 40 10 48 8b 5b 10 45 8b 9a a0 00
0x000001d94e331094:   00 00 4f 8d 9c da c8 01 00 00 4d 8d 14 da 49 8b 


Stack slot to memory mapping:

stack at sp + 0 slots: 0x000001d94e30958b is at code_begin+4363 in an Interpreter codelet
return entry points  [0x000001d94e308480, 0x000001d94e30a298]  7704 bytes
stack at sp + 1 slots: 0x0000001e964fc050 is pointing into the stack for thread: 0x000001d96000b740
stack at sp + 2 slots: 0x000001d9593e6f22 is pointing into metadata
stack at sp + 3 slots: 0x0000000000000004 is an unknown value
stack at sp + 4 slots: 0x000001d9593eb1b0 is pointing into metadata
stack at sp + 5 slots: 0x00000007060002f8 is an oop: jdk.internal.misc.Unsafe 
{0x00000007060002f8} - klass: 'jdk/internal/misc/Unsafe'
 - ---- fields (total size 2 words):
stack at sp + 6 slots: 0x00000007060010a8 is an oop: java.lang.Class 
{0x00000007060010a8} - klass: 'java/lang/Class'
 - ---- fields (total size 14 words):
 - private volatile transient 'classRedefinedCount' 'I' @12  0 (0x00000000)
 - injected 'klass' 'J' @16  34359945312 (0x0000000800032860)
 - injected 'array_klass' 'J' @24  0 (0x0000000000000000)
 - injected 'oop_size' 'I' @32  14 (0x0000000e)
 - injected 'static_oop_field_count' 'I' @36  0 (0x00000000)
 - private volatile transient 'cachedConstructor' 'Ljava/lang/reflect/Constructor;' @40  null (0x00000000)
 - private transient 'name' 'Ljava/lang/String;' @44  null (0x00000000)
 - private transient 'module' 'Ljava/lang/Module;' @48  a 'java/lang/Module'{0x0000000706015ea0} (0xe0c02bd4)
 - private final 'classLoader' 'Ljava/lang/ClassLoader;' @52  null (0x00000000)
 - private transient 'classData' 'Ljava/lang/Object;' @56  null (0x00000000)
 - private transient 'packageName' 'Ljava/lang/String;' @60  null (0x00000000)
 - private final 'componentType' 'Ljava/lang/Class;' @64  null (0x00000000)
 - private volatile transient 'reflectionData' 'Ljava/lang/ref/SoftReference;' @68  null (0x00000000)
 - private volatile transient 'genericInfo' 'Lsun/reflect/generics/repository/ClassRepository;' @72  null (0x00000000)
 - private volatile transient 'enumConstants' '[Ljava/lang/Object;' @76  null (0x00000000)
 - private volatile transient 'enumConstantDirectory' 'Ljava/util/Map;' @80  null (0x00000000)
 - private volatile transient 'annotationData' 'Ljava/lang/Class$AnnotationData;' @84  null (0x00000000)
 - private volatile transient 'annotationType' 'Lsun/reflect/annotation/AnnotationType;' @88  null (0x00000000)
 - transient 'classValueMap' 'Ljava/lang/ClassValue$ClassValueMap;' @92  null (0x00000000)
 - injected 'protection_domain' 'Ljava/lang/Object;' @96  null (0x00000000)
 - injected 'signers_name' 'Ljava/lang/Object;' @100  null (0x00000000)
 - injected 'source_file' 'Ljava/lang/Object;' @104  null (0x00000000)
 - signature: Ljava/lang/invoke/DirectMethodHandle$Holder;
 - ---- static fields (0):
stack at sp + 7 slots: {method} {0x000001d9593e6f38} 'invokeVirtual' '(Ljava/lang/Object;Ljava/lang/Object;)Ljava/lang/Object;' in 'java/lang/invoke/DirectMethodHandle$Holder'

MethodHandle::interpreter_entry::_linkToVirtual [0x000001d94e330f63, 0x000001d94e330fca] (103 bytes)
[MachCode]
  0x000001d94e330f63: 6666 660f | 1f84 0000 | 0000 0066 | 6666 9066 | 660f 1f84 | 0000 0000 | 0066 6666 | 9048 8b53 
  0x000001d94e330f83: 080f b752 | 2e48 8b0c | d458 5b50 | 448b 5108 | 49bb 0000 | 0000 0800 | 0000 4d03 | d34c 8b5b 
  0x000001d94e330fa3: 104b 8b9c | dac8 0100 | 0048 85db | 0f84 1000 | 0000 4180 | bfe0 0500 | 0000 7403 | ff63 38ff 
  0x000001d94e330fc3: 6350 e936 | 
[/MachCode]

---------------  P R O C E S S  ---------------

Threads class SMR info:
_java_thread_list=0x000001d95ff3b2e0, length=35, elements={
0x000001d958539b60, 0x000001d95853d5b0, 0x000001d95853e2b0, 0x000001d95853ed10,
0x000001d95850fcb0, 0x000001d958541390, 0x000001d9585196d0, 0x000001d9585f1be0,
0x000001d958795fe0, 0x000001d958796660, 0x000001d958798cf0, 0x000001d95d4332b0,
0x000001d95d6e3660, 0x000001d95d71dce0, 0x000001d95d754db0, 0x000001d95d7f1850,
0x000001d95d80ef50, 0x000001d95d78a290, 0x000001d95f30a6f0, 0x000001d95f30ce50,
0x000001d95f30baa0, 0x000001d95f3099d0, 0x000001d95f30c130, 0x000001d95f30c7c0,
0x000001d96000b740, 0x000001d96000dea0, 0x000001d96000f250, 0x000001d96000c460,
0x000001d9600119b0, 0x000001d960010600, 0x000001d960012040, 0x000001d960010c90,
0x000001d96000bdd0, 0x000001d96000d180, 0x000001d96000e530
}

Java Threads: ( => current thread )
  0x000001d958539b60 JavaThread "Reference Handler"          daemon [_thread_blocked, id=10396, stack(0x0000001e94400000,0x0000001e94500000) (1024K)]
  0x000001d95853d5b0 JavaThread "Finalizer"                  daemon [_thread_blocked, id=6616, stack(0x0000001e94500000,0x0000001e94600000) (1024K)]
  0x000001d95853e2b0 JavaThread "Signal Dispatcher"          daemon [_thread_blocked, id=15304, stack(0x0000001e94600000,0x0000001e94700000) (1024K)]
  0x000001d95853ed10 JavaThread "Attach Listener"            daemon [_thread_blocked, id=15060, stack(0x0000001e94700000,0x0000001e94800000) (1024K)]
  0x000001d95850fcb0 JavaThread "Service Thread"             daemon [_thread_blocked, id=2676, stack(0x0000001e94800000,0x0000001e94900000) (1024K)]
  0x000001d958541390 JavaThread "Monitor Deflation Thread"   daemon [_thread_blocked, id=8592, stack(0x0000001e94900000,0x0000001e94a00000) (1024K)]
  0x000001d9585196d0 JavaThread "C1 CompilerThread0"         daemon [_thread_blocked, id=13844, stack(0x0000001e94a00000,0x0000001e94b00000) (1024K)]
  0x000001d9585f1be0 JavaThread "Common-Cleaner"             daemon [_thread_blocked, id=15176, stack(0x0000001e94b00000,0x0000001e94c00000) (1024K)]
  0x000001d958795fe0 JavaThread "JDWP Transport Listener: dt_socket" daemon [_thread_blocked, id=16376, stack(0x0000001e94e00000,0x0000001e94f00000) (1024K)]
  0x000001d958796660 JavaThread "JDWP Event Helper Thread"   daemon [_thread_blocked, id=15564, stack(0x0000001e94f00000,0x0000001e95000000) (1024K)]
  0x000001d958798cf0 JavaThread "JDWP Command Reader"        daemon [_thread_in_native, id=5308, stack(0x0000001e95000000,0x0000001e95100000) (1024K)]
  0x000001d95d4332b0 JavaThread "Notification Thread"        daemon [_thread_blocked, id=12740, stack(0x0000001e95100000,0x0000001e95200000) (1024K)]
  0x000001d95d6e3660 JavaThread "RMI TCP Accept-0"           daemon [_thread_in_native, id=4252, stack(0x0000001e95500000,0x0000001e95600000) (1024K)]
  0x000001d95d71dce0 JavaThread "RMI TCP Accept-50725"       daemon [_thread_in_native, id=14220, stack(0x0000001e95600000,0x0000001e95700000) (1024K)]
  0x000001d95d754db0 JavaThread "RMI TCP Accept-0"           daemon [_thread_in_native, id=888, stack(0x0000001e95700000,0x0000001e95800000) (1024K)]
  0x000001d95d7f1850 JavaThread "RMI Scheduler(0)"           daemon [_thread_blocked, id=2732, stack(0x0000001e95900000,0x0000001e95a00000) (1024K)]
  0x000001d95d80ef50 JavaThread "RMI TCP Connection(idle)"   daemon [_thread_blocked, id=7932, stack(0x0000001e95a00000,0x0000001e95b00000) (1024K)]
  0x000001d95d78a290 JavaThread "JMX server connection timeout 33" daemon [_thread_blocked, id=3340, stack(0x0000001e95b00000,0x0000001e95c00000) (1024K)]
  0x000001d95f30a6f0 JavaThread "HikariPool-1 housekeeper"   daemon [_thread_blocked, id=1012, stack(0x0000001e95d00000,0x0000001e95e00000) (1024K)]
  0x000001d95f30ce50 JavaThread "Catalina-utility-1"                [_thread_blocked, id=13276, stack(0x0000001e95f00000,0x0000001e96000000) (1024K)]
  0x000001d95f30baa0 JavaThread "Catalina-utility-2"                [_thread_blocked, id=2480, stack(0x0000001e96000000,0x0000001e96100000) (1024K)]
  0x000001d95f3099d0 JavaThread "container-0"                       [_thread_blocked, id=10084, stack(0x0000001e96100000,0x0000001e96200000) (1024K)]
  0x000001d95f30c130 JavaThread "http-nio-8080-exec-1"       daemon [_thread_blocked, id=13044, stack(0x0000001e96200000,0x0000001e96300000) (1024K)]
  0x000001d95f30c7c0 JavaThread "http-nio-8080-exec-2"       daemon [_thread_blocked, id=8420, stack(0x0000001e96300000,0x0000001e96400000) (1024K)]
=>0x000001d96000b740 JavaThread "http-nio-8080-exec-3"       daemon [_thread_in_Java, id=2120, stack(0x0000001e96400000,0x0000001e96500000) (1024K)]
  0x000001d96000dea0 JavaThread "http-nio-8080-exec-4"       daemon [_thread_blocked, id=10384, stack(0x0000001e96500000,0x0000001e96600000) (1024K)]
  0x000001d96000f250 JavaThread "http-nio-8080-exec-5"       daemon [_thread_blocked, id=9872, stack(0x0000001e96600000,0x0000001e96700000) (1024K)]
  0x000001d96000c460 JavaThread "http-nio-8080-exec-6"       daemon [_thread_blocked, id=13556, stack(0x0000001e96700000,0x0000001e96800000) (1024K)]
  0x000001d9600119b0 JavaThread "http-nio-8080-exec-7"       daemon [_thread_blocked, id=13396, stack(0x0000001e96800000,0x0000001e96900000) (1024K)]
  0x000001d960010600 JavaThread "http-nio-8080-exec-8"       daemon [_thread_blocked, id=13528, stack(0x0000001e96900000,0x0000001e96a00000) (1024K)]
  0x000001d960012040 JavaThread "http-nio-8080-exec-9"       daemon [_thread_blocked, id=8372, stack(0x0000001e96a00000,0x0000001e96b00000) (1024K)]
  0x000001d960010c90 JavaThread "http-nio-8080-exec-10"      daemon [_thread_blocked, id=8740, stack(0x0000001e96b00000,0x0000001e96c00000) (1024K)]
  0x000001d96000bdd0 JavaThread "http-nio-8080-Poller"       daemon [_thread_in_native, id=9852, stack(0x0000001e96c00000,0x0000001e96d00000) (1024K)]
  0x000001d96000d180 JavaThread "http-nio-8080-Acceptor"     daemon [_thread_in_native, id=1084, stack(0x0000001e96d00000,0x0000001e96e00000) (1024K)]
  0x000001d96000e530 JavaThread "DestroyJavaVM"                     [_thread_blocked, id=14764, stack(0x0000001e93b00000,0x0000001e93c00000) (1024K)]
Total: 35

Other Threads:
  0x000001d95848ed00 VMThread "VM Thread"                           [id=4736, stack(0x0000001e94200000,0x0000001e94300000) (1024K)]
  0x000001d94a70cc70 WatcherThread "VM Periodic Task Thread"        [id=5972, stack(0x0000001e94100000,0x0000001e94200000) (1024K)]
  0x000001d94a866f50 WorkerThread "GC Thread#0"                     [id=11500, stack(0x0000001e93c00000,0x0000001e93d00000) (1024K)]
  0x000001d95d54fa30 WorkerThread "GC Thread#1"                     [id=9252, stack(0x0000001e95200000,0x0000001e95300000) (1024K)]
  0x000001d95d534420 WorkerThread "GC Thread#2"                     [id=2596, stack(0x0000001e95300000,0x0000001e95400000) (1024K)]
  0x000001d95d5347c0 WorkerThread "GC Thread#3"                     [id=16112, stack(0x0000001e95400000,0x0000001e95500000) (1024K)]
  0x000001d94a8b8010 ConcurrentGCThread "G1 Main Marker"            [id=6676, stack(0x0000001e93d00000,0x0000001e93e00000) (1024K)]
  0x000001d94a8b8a20 WorkerThread "G1 Conc#0"                       [id=16224, stack(0x0000001e93e00000,0x0000001e93f00000) (1024K)]
  0x000001d94a5e05f0 ConcurrentGCThread "G1 Refine#0"               [id=3684, stack(0x0000001e93f00000,0x0000001e94000000) (1024K)]
  0x000001d94a5e1070 ConcurrentGCThread "G1 Service"                [id=15644, stack(0x0000001e94000000,0x0000001e94100000) (1024K)]
Total: 10

Threads with active compile tasks:
Total: 0

VM state: not at safepoint (normal execution)

VM Mutex/Monitor currently owned by a thread: None

Heap address: 0x0000000705c00000, size: 4004 MB, Compressed Oops mode: Zero based, Oop shift amount: 3

CDS archive(s) not mapped
Compressed class space mapped at: 0x0000000800000000-0x0000000840000000, reserved size: 1073741824
Narrow klass base: 0x0000000800000000, Narrow klass shift: 0, Narrow klass range: 0x40000000

GC Precious Log:
 CardTable entry size: 512
 Card Set container configuration: InlinePtr #cards 4 size 8 Array Of Cards #cards 16 size 48 Howl #buckets 8 coarsen threshold 3686 Howl Bitmap #cards 512 size 80 coarsen threshold 460 Card regions per heap region 1 cards per card region 4096
 CPUs: 4 total, 4 available
 Memory: 16009M
 Large Page Support: Disabled
 NUMA Support: Disabled
 Compressed Oops: Enabled (Zero based)
 Heap Region Size: 2M
 Heap Min Capacity: 8M
 Heap Initial Capacity: 252M
 Heap Max Capacity: 4004M
 Pre-touch: Disabled
 Parallel Workers: 4
 Concurrent Workers: 1
 Concurrent Refinement Workers: 4
 Periodic GC: Disabled

Heap:
 garbage-first heap   total 102400K, used 45621K [0x0000000705c00000, 0x0000000800000000)
  region size 2048K, 10 young (20480K), 3 survivors (6144K)
 Metaspace       used 77899K, committed 78464K, reserved 1179648K
  class space    used 10267K, committed 10560K, reserved 1048576K

Heap Regions: E=young(eden), S=young(survivor), O=old, HS=humongous(starts), HC=humongous(continues), CS=collection set, F=free, TAMS=top-at-mark-start, PB=parsable bottom
|   0|0x0000000705c00000, 0x0000000705e00000, 0x0000000705e00000|100%| O|  |TAMS 0x0000000705c00000| PB 0x0000000705c00000| Untracked 
|   1|0x0000000705e00000, 0x0000000706000000, 0x0000000706000000|100%| O|  |TAMS 0x0000000705e00000| PB 0x0000000705e00000| Untracked 
|   2|0x0000000706000000, 0x0000000706200000, 0x0000000706200000|100%| O|  |TAMS 0x0000000706000000| PB 0x0000000706000000| Untracked 
|   3|0x0000000706200000, 0x0000000706400000, 0x0000000706400000|100%| O|  |TAMS 0x0000000706200000| PB 0x0000000706200000| Untracked 
|   4|0x0000000706400000, 0x0000000706600000, 0x0000000706600000|100%| O|  |TAMS 0x0000000706400000| PB 0x0000000706400000| Untracked 
|   5|0x0000000706600000, 0x0000000706800000, 0x0000000706800000|100%| O|  |TAMS 0x0000000706600000| PB 0x0000000706600000| Untracked 
|   6|0x0000000706800000, 0x0000000706a00000, 0x0000000706a00000|100%| O|  |TAMS 0x0000000706800000| PB 0x0000000706800000| Untracked 
|   7|0x0000000706a00000, 0x0000000706c00000, 0x0000000706c00000|100%| O|  |TAMS 0x0000000706a00000| PB 0x0000000706a00000| Untracked 
|   8|0x0000000706c00000, 0x0000000706e00000, 0x0000000706e00000|100%| O|  |TAMS 0x0000000706c00000| PB 0x0000000706c00000| Untracked 
|   9|0x0000000706e00000, 0x0000000707000000, 0x0000000707000000|100%| O|  |TAMS 0x0000000706e00000| PB 0x0000000706e00000| Untracked 
|  10|0x0000000707000000, 0x0000000707200000, 0x0000000707200000|100%| O|  |TAMS 0x0000000707000000| PB 0x0000000707000000| Untracked 
|  11|0x0000000707200000, 0x0000000707400000, 0x0000000707400000|100%| O|  |TAMS 0x0000000707200000| PB 0x0000000707200000| Untracked 
|  12|0x0000000707400000, 0x0000000707600000, 0x0000000707600000|100%| O|  |TAMS 0x0000000707400000| PB 0x0000000707400000| Untracked 
|  13|0x0000000707600000, 0x0000000707800000, 0x0000000707800000|100%| O|  |TAMS 0x0000000707600000| PB 0x0000000707600000| Untracked 
|  14|0x0000000707800000, 0x000000070784c1b0, 0x0000000707a00000| 14%| O|  |TAMS 0x0000000707800000| PB 0x0000000707800000| Untracked 
|  15|0x0000000707a00000, 0x0000000707a00000, 0x0000000707c00000|  0%| F|  |TAMS 0x0000000707a00000| PB 0x0000000707a00000| Untracked 
|  16|0x0000000707c00000, 0x0000000707c00000, 0x0000000707e00000|  0%| F|  |TAMS 0x0000000707c00000| PB 0x0000000707c00000| Untracked 
|  17|0x0000000707e00000, 0x0000000707e41570, 0x0000000708000000| 12%| S|CS|TAMS 0x0000000707e00000| PB 0x0000000707e00000| Complete 
|  18|0x0000000708000000, 0x0000000708000000, 0x0000000708200000|  0%| F|  |TAMS 0x0000000708000000| PB 0x0000000708000000| Untracked 
|  19|0x0000000708200000, 0x0000000708200000, 0x0000000708400000|  0%| F|  |TAMS 0x0000000708200000| PB 0x0000000708200000| Untracked 
|  20|0x0000000708400000, 0x0000000708600000, 0x0000000708600000|100%| S|CS|TAMS 0x0000000708400000| PB 0x0000000708400000| Complete 
|  21|0x0000000708600000, 0x0000000708800000, 0x0000000708800000|100%| S|CS|TAMS 0x0000000708600000| PB 0x0000000708600000| Complete 
|  22|0x0000000708800000, 0x0000000708800000, 0x0000000708a00000|  0%| F|  |TAMS 0x0000000708800000| PB 0x0000000708800000| Untracked 
|  23|0x0000000708a00000, 0x0000000708a00000, 0x0000000708c00000|  0%| F|  |TAMS 0x0000000708a00000| PB 0x0000000708a00000| Untracked 
|  24|0x0000000708c00000, 0x0000000708c00000, 0x0000000708e00000|  0%| F|  |TAMS 0x0000000708c00000| PB 0x0000000708c00000| Untracked 
|  25|0x0000000708e00000, 0x0000000708e00000, 0x0000000709000000|  0%| F|  |TAMS 0x0000000708e00000| PB 0x0000000708e00000| Untracked 
|  26|0x0000000709000000, 0x0000000709000000, 0x0000000709200000|  0%| F|  |TAMS 0x0000000709000000| PB 0x0000000709000000| Untracked 
|  27|0x0000000709200000, 0x0000000709200000, 0x0000000709400000|  0%| F|  |TAMS 0x0000000709200000| PB 0x0000000709200000| Untracked 
|  28|0x0000000709400000, 0x0000000709400000, 0x0000000709600000|  0%| F|  |TAMS 0x0000000709400000| PB 0x0000000709400000| Untracked 
|  29|0x0000000709600000, 0x0000000709600000, 0x0000000709800000|  0%| F|  |TAMS 0x0000000709600000| PB 0x0000000709600000| Untracked 
|  30|0x0000000709800000, 0x0000000709800000, 0x0000000709a00000|  0%| F|  |TAMS 0x0000000709800000| PB 0x0000000709800000| Untracked 
|  31|0x0000000709a00000, 0x0000000709a00000, 0x0000000709c00000|  0%| F|  |TAMS 0x0000000709a00000| PB 0x0000000709a00000| Untracked 
|  32|0x0000000709c00000, 0x0000000709c00000, 0x0000000709e00000|  0%| F|  |TAMS 0x0000000709c00000| PB 0x0000000709c00000| Untracked 
|  33|0x0000000709e00000, 0x0000000709e00000, 0x000000070a000000|  0%| F|  |TAMS 0x0000000709e00000| PB 0x0000000709e00000| Untracked 
|  34|0x000000070a000000, 0x000000070a000000, 0x000000070a200000|  0%| F|  |TAMS 0x000000070a000000| PB 0x000000070a000000| Untracked 
|  35|0x000000070a200000, 0x000000070a200000, 0x000000070a400000|  0%| F|  |TAMS 0x000000070a200000| PB 0x000000070a200000| Untracked 
|  36|0x000000070a400000, 0x000000070a400000, 0x000000070a600000|  0%| F|  |TAMS 0x000000070a400000| PB 0x000000070a400000| Untracked 
|  37|0x000000070a600000, 0x000000070a600000, 0x000000070a800000|  0%| F|  |TAMS 0x000000070a600000| PB 0x000000070a600000| Untracked 
|  38|0x000000070a800000, 0x000000070a800000, 0x000000070aa00000|  0%| F|  |TAMS 0x000000070a800000| PB 0x000000070a800000| Untracked 
|  39|0x000000070aa00000, 0x000000070aa00000, 0x000000070ac00000|  0%| F|  |TAMS 0x000000070aa00000| PB 0x000000070aa00000| Untracked 
|  40|0x000000070ac00000, 0x000000070ac00000, 0x000000070ae00000|  0%| F|  |TAMS 0x000000070ac00000| PB 0x000000070ac00000| Untracked 
|  41|0x000000070ae00000, 0x000000070ae00000, 0x000000070b000000|  0%| F|  |TAMS 0x000000070ae00000| PB 0x000000070ae00000| Untracked 
|  42|0x000000070b000000, 0x000000070b000000, 0x000000070b200000|  0%| F|  |TAMS 0x000000070b000000| PB 0x000000070b000000| Untracked 
|  43|0x000000070b200000, 0x000000070b23de70, 0x000000070b400000| 12%| E|  |TAMS 0x000000070b200000| PB 0x000000070b200000| Complete 
|  44|0x000000070b400000, 0x000000070b600000, 0x000000070b600000|100%| E|CS|TAMS 0x000000070b400000| PB 0x000000070b400000| Complete 
|  45|0x000000070b600000, 0x000000070b800000, 0x000000070b800000|100%| E|CS|TAMS 0x000000070b600000| PB 0x000000070b600000| Complete 
|  46|0x000000070b800000, 0x000000070ba00000, 0x000000070ba00000|100%| E|CS|TAMS 0x000000070b800000| PB 0x000000070b800000| Complete 
|  47|0x000000070ba00000, 0x000000070bc00000, 0x000000070bc00000|100%| E|CS|TAMS 0x000000070ba00000| PB 0x000000070ba00000| Complete 
| 120|0x0000000714c00000, 0x0000000714e00000, 0x0000000714e00000|100%| E|CS|TAMS 0x0000000714c00000| PB 0x0000000714c00000| Complete 
| 125|0x0000000715600000, 0x0000000715800000, 0x0000000715800000|100%| E|CS|TAMS 0x0000000715600000| PB 0x0000000715600000| Complete 

Card table byte_map: [0x000001d951ae0000,0x000001d9522c0000] _byte_map_base: 0x000001d94e2b2000

Marking Bits: (CMBitMap*) 0x000001d94a867560
 Bits: [0x000001d9522c0000, 0x000001d956150000)

Polling page: 0x000001d948780000

Metaspace:

Usage:
  Non-class:     66.05 MB used.
      Class:     10.03 MB used.
       Both:     76.07 MB used.

Virtual space:
  Non-class space:      128.00 MB reserved,      66.31 MB ( 52%) committed,  2 nodes.
      Class space:        1.00 GB reserved,      10.31 MB (  1%) committed,  1 nodes.
             Both:        1.12 GB reserved,      76.62 MB (  7%) committed. 

Chunk freelists:
   Non-Class:  13.62 MB
       Class:  5.71 MB
        Both:  19.33 MB

MaxMetaspaceSize: unlimited
CompressedClassSpaceSize: 1.00 GB
Initial GC threshold: 21.00 MB
Current GC threshold: 98.75 MB
CDS: off
 - commit_granule_bytes: 65536.
 - commit_granule_words: 8192.
 - virtual_space_node_default_size: 8388608.
 - enlarge_chunks_in_place: 1.
 - use_allocation_guard: 0.


Internal statistics:

num_allocs_failed_limit: 12.
num_arena_births: 786.
num_arena_deaths: 0.
num_vsnodes_births: 3.
num_vsnodes_deaths: 0.
num_space_committed: 1226.
num_space_uncommitted: 0.
num_chunks_returned_to_freelist: 12.
num_chunks_taken_from_freelist: 3127.
num_chunk_merges: 12.
num_chunk_splits: 2315.
num_chunks_enlarged: 1888.
num_inconsistent_stats: 0.

CodeCache: size=49152Kb used=12817Kb max_used=13314Kb free=36334Kb
 bounds [0x000001d94e300000, 0x000001d94f010000, 0x000001d951300000]
 total_blobs=7200 nmethods=6511 adapters=612
 compilation: enabled
              stopped_count=0, restarted_count=0
 full_count=0

Compilation events (20 events):
Event: 647.089 Thread 0x000001d9585196d0 6566   !   1       org.apache.catalina.core.ContainerBase$ContainerBackgroundProcessor::processChildren (202 bytes)
Event: 647.093 Thread 0x000001d9585196d0 nmethod 6566 0x000001d94e4df410 code [0x000001d94e4df760, 0x000001d94e4e09a8]
Event: 647.093 Thread 0x000001d9585196d0 6567   !   1       org.apache.catalina.core.ContainerBase::backgroundProcess (168 bytes)
Event: 647.095 Thread 0x000001d9585196d0 nmethod 6567 0x000001d94e4de110 code [0x000001d94e4de3a0, 0x000001d94e4dedc8]
Event: 647.095 Thread 0x000001d9585196d0 6568       1       org.apache.catalina.mapper.MapperListener::lifecycleEvent (178 bytes)
Event: 647.098 Thread 0x000001d9585196d0 nmethod 6568 0x000001d94e4dd190 code [0x000001d94e4dd420, 0x000001d94e4ddcf8]
Event: 721.171 Thread 0x000001d9585196d0 6570   !   1       java.nio.ByteBuffer::getArray (121 bytes)
Event: 721.176 Thread 0x000001d9585196d0 nmethod 6570 0x000001d94e4dc390 code [0x000001d94e4dc5a0, 0x000001d94e4dcc08]
Event: 721.176 Thread 0x000001d9585196d0 6569       1       java.nio.ByteBuffer::get (54 bytes)
Event: 721.179 Thread 0x000001d9585196d0 nmethod 6569 0x000001d94e4dbd10 code [0x000001d94e4dbf00, 0x000001d94e4dc1c0]
Event: 827.286 Thread 0x000001d9585196d0 6571   !   1       org.apache.catalina.core.StandardContext::getLoader (38 bytes)
Event: 827.288 Thread 0x000001d9585196d0 nmethod 6571 0x000001d94e4db510 code [0x000001d94e4db700, 0x000001d94e4dba58]
Event: 901.051 Thread 0x000001d9585196d0 6572   !   1       java.io.ObjectInputStream$BlockDataInputStream::readUTFSpan (502 bytes)
Event: 901.052 Thread 0x000001d9585196d0 nmethod 6572 0x000001d94e4d9d10 code [0x000001d94e4d9fa0, 0x000001d94e4daa30]
Event: 1021.222 Thread 0x000001d9585196d0 6573       1       java.security.AccessController::checkContext (49 bytes)
Event: 1021.223 Thread 0x000001d9585196d0 nmethod 6573 0x000001d94e4d9a10 code [0x000001d94e4d9ba0, 0x000001d94e4d9c48]
Event: 1057.656 Thread 0x000001d9585196d0 6574       1       java.lang.Thread::setContextClassLoader (28 bytes)
Event: 1057.657 Thread 0x000001d9585196d0 nmethod 6574 0x000001d94e4d9690 code [0x000001d94e4d9820, 0x000001d94e4d9940]
Event: 1147.736 Thread 0x000001d9585196d0 6575       1       org.apache.catalina.loader.WebappLoader::getClassLoader (5 bytes)
Event: 1147.736 Thread 0x000001d9585196d0 nmethod 6575 0x000001d94e4d9390 code [0x000001d94e4d9520, 0x000001d94e4d95f0]

GC Heap History (20 events):
Event: 3.374 GC heap before
{Heap before GC invocations=11 (full 0):
 garbage-first heap   total 69632K, used 53728K [0x0000000705c00000, 0x0000000800000000)
  region size 2048K, 20 young (40960K), 2 survivors (4096K)
 Metaspace       used 41384K, committed 41792K, reserved 1114112K
  class space    used 5126K, committed 5312K, reserved 1048576K
}
Event: 3.383 GC heap after
{Heap after GC invocations=12 (full 0):
 garbage-first heap   total 69632K, used 18749K [0x0000000705c00000, 0x0000000800000000)
  region size 2048K, 2 young (4096K), 2 survivors (4096K)
 Metaspace       used 41384K, committed 41792K, reserved 1114112K
  class space    used 5126K, committed 5312K, reserved 1048576K
}
Event: 3.738 GC heap before
{Heap before GC invocations=12 (full 0):
 garbage-first heap   total 69632K, used 53565K [0x0000000705c00000, 0x0000000800000000)
  region size 2048K, 20 young (40960K), 2 survivors (4096K)
 Metaspace       used 44154K, committed 44608K, reserved 1114112K
  class space    used 5471K, committed 5696K, reserved 1048576K
}
Event: 3.748 GC heap after
{Heap after GC invocations=13 (full 0):
 garbage-first heap   total 83968K, used 20578K [0x0000000705c00000, 0x0000000800000000)
  region size 2048K, 3 young (6144K), 3 survivors (6144K)
 Metaspace       used 44154K, committed 44608K, reserved 1114112K
  class space    used 5471K, committed 5696K, reserved 1048576K
}
Event: 4.088 GC heap before
{Heap before GC invocations=13 (full 0):
 garbage-first heap   total 83968K, used 63586K [0x0000000705c00000, 0x0000000800000000)
  region size 2048K, 24 young (49152K), 3 survivors (6144K)
 Metaspace       used 48371K, committed 48896K, reserved 1114112K
  class space    used 6159K, committed 6400K, reserved 1048576K
}
Event: 4.097 GC heap after
{Heap after GC invocations=14 (full 0):
 garbage-first heap   total 83968K, used 21701K [0x0000000705c00000, 0x0000000800000000)
  region size 2048K, 2 young (4096K), 2 survivors (4096K)
 Metaspace       used 48371K, committed 48896K, reserved 1114112K
  class space    used 6159K, committed 6400K, reserved 1048576K
}
Event: 4.513 GC heap before
{Heap before GC invocations=14 (full 0):
 garbage-first heap   total 83968K, used 66757K [0x0000000705c00000, 0x0000000800000000)
  region size 2048K, 24 young (49152K), 2 survivors (4096K)
 Metaspace       used 53374K, committed 53824K, reserved 1114112K
  class space    used 6810K, committed 7040K, reserved 1048576K
}
Event: 4.520 GC heap after
{Heap after GC invocations=15 (full 0):
 garbage-first heap   total 83968K, used 22944K [0x0000000705c00000, 0x0000000800000000)
  region size 2048K, 2 young (4096K), 2 survivors (4096K)
 Metaspace       used 53374K, committed 53824K, reserved 1114112K
  class space    used 6810K, committed 7040K, reserved 1048576K
}
Event: 4.945 GC heap before
{Heap before GC invocations=15 (full 0):
 garbage-first heap   total 83968K, used 65952K [0x0000000705c00000, 0x0000000800000000)
  region size 2048K, 24 young (49152K), 2 survivors (4096K)
 Metaspace       used 57702K, committed 58176K, reserved 1114112K
  class space    used 7410K, committed 7616K, reserved 1048576K
}
Event: 4.955 GC heap after
{Heap after GC invocations=16 (full 0):
 garbage-first heap   total 83968K, used 23964K [0x0000000705c00000, 0x0000000800000000)
  region size 2048K, 2 young (4096K), 2 survivors (4096K)
 Metaspace       used 57702K, committed 58176K, reserved 1114112K
  class space    used 7410K, committed 7616K, reserved 1048576K
}
Event: 5.187 GC heap before
{Heap before GC invocations=16 (full 0):
 garbage-first heap   total 83968K, used 48540K [0x0000000705c00000, 0x0000000800000000)
  region size 2048K, 15 young (30720K), 2 survivors (4096K)
 Metaspace       used 59831K, committed 60288K, reserved 1114112K
  class space    used 7795K, committed 8000K, reserved 1048576K
}
Event: 5.192 GC heap after
{Heap after GC invocations=17 (full 0):
 garbage-first heap   total 102400K, used 24707K [0x0000000705c00000, 0x0000000800000000)
  region size 2048K, 2 young (4096K), 2 survivors (4096K)
 Metaspace       used 59831K, committed 60288K, reserved 1114112K
  class space    used 7795K, committed 8000K, reserved 1048576K
}
Event: 5.797 GC heap before
{Heap before GC invocations=18 (full 0):
 garbage-first heap   total 102400K, used 82051K [0x0000000705c00000, 0x0000000800000000)
  region size 2048K, 30 young (61440K), 2 survivors (4096K)
 Metaspace       used 64469K, committed 64896K, reserved 1114112K
  class space    used 8470K, committed 8640K, reserved 1048576K
}
Event: 5.804 GC heap after
{Heap after GC invocations=19 (full 0):
 garbage-first heap   total 102400K, used 26873K [0x0000000705c00000, 0x0000000800000000)
  region size 2048K, 3 young (6144K), 3 survivors (6144K)
 Metaspace       used 64469K, committed 64896K, reserved 1114112K
  class space    used 8470K, committed 8640K, reserved 1048576K
}
Event: 6.315 GC heap before
{Heap before GC invocations=19 (full 0):
 garbage-first heap   total 102400K, used 82169K [0x0000000705c00000, 0x0000000800000000)
  region size 2048K, 30 young (61440K), 3 survivors (6144K)
 Metaspace       used 67695K, committed 68224K, reserved 1114112K
  class space    used 8907K, committed 9152K, reserved 1048576K
}
Event: 6.324 GC heap after
{Heap after GC invocations=20 (full 0):
 garbage-first heap   total 102400K, used 28919K [0x0000000705c00000, 0x0000000800000000)
  region size 2048K, 4 young (8192K), 4 survivors (8192K)
 Metaspace       used 67695K, committed 68224K, reserved 1114112K
  class space    used 8907K, committed 9152K, reserved 1048576K
}
Event: 6.875 GC heap before
{Heap before GC invocations=20 (full 0):
 garbage-first heap   total 102400K, used 82167K [0x0000000705c00000, 0x0000000800000000)
  region size 2048K, 30 young (61440K), 4 survivors (8192K)
 Metaspace       used 71186K, committed 71808K, reserved 1114112K
  class space    used 9443K, committed 9728K, reserved 1048576K
}
Event: 6.887 GC heap after
{Heap after GC invocations=21 (full 0):
 garbage-first heap   total 102400K, used 32501K [0x0000000705c00000, 0x0000000800000000)
  region size 2048K, 3 young (6144K), 3 survivors (6144K)
 Metaspace       used 71186K, committed 71808K, reserved 1114112K
  class space    used 9443K, committed 9728K, reserved 1048576K
}
Event: 20.454 GC heap before
{Heap before GC invocations=21 (full 0):
 garbage-first heap   total 102400K, used 85749K [0x0000000705c00000, 0x0000000800000000)
  region size 2048K, 30 young (61440K), 3 survivors (6144K)
 Metaspace       used 76976K, committed 77568K, reserved 1179648K
  class space    used 10161K, committed 10432K, reserved 1048576K
}
Event: 20.473 GC heap after
{Heap after GC invocations=22 (full 0):
 garbage-first heap   total 102400K, used 33333K [0x0000000705c00000, 0x0000000800000000)
  region size 2048K, 3 young (6144K), 3 survivors (6144K)
 Metaspace       used 76976K, committed 77568K, reserved 1179648K
  class space    used 10161K, committed 10432K, reserved 1048576K
}

Dll operation events (12 events):
Event: 0.008 Loaded shared library C:\Users\VICENTE SIMAO\Downloads\sts-4.23.1.RELEASE\plugins\org.eclipse.justj.openjdk.hotspot.jre.full.win32.x86_64_21.0.3.v20240426-1530\jre\bin\java.dll
Event: 0.015 Loaded shared library C:\Users\VICENTE SIMAO\Downloads\sts-4.23.1.RELEASE\plugins\org.eclipse.justj.openjdk.hotspot.jre.full.win32.x86_64_21.0.3.v20240426-1530\jre\bin\zip.dll
Event: 0.442 Loaded shared library C:\Users\VICENTE SIMAO\Downloads\sts-4.23.1.RELEASE\plugins\org.eclipse.justj.openjdk.hotspot.jre.full.win32.x86_64_21.0.3.v20240426-1530\jre\bin\instrument.dll
Event: 0.466 Loaded shared library C:\Users\VICENTE SIMAO\Downloads\sts-4.23.1.RELEASE\plugins\org.eclipse.justj.openjdk.hotspot.jre.full.win32.x86_64_21.0.3.v20240426-1530\jre\bin\net.dll
Event: 0.468 Loaded shared library C:\Users\VICENTE SIMAO\Downloads\sts-4.23.1.RELEASE\plugins\org.eclipse.justj.openjdk.hotspot.jre.full.win32.x86_64_21.0.3.v20240426-1530\jre\bin\nio.dll
Event: 0.477 Loaded shared library C:\Users\VICENTE SIMAO\Downloads\sts-4.23.1.RELEASE\plugins\org.eclipse.justj.openjdk.hotspot.jre.full.win32.x86_64_21.0.3.v20240426-1530\jre\bin\zip.dll
Event: 0.641 Loaded shared library C:\Users\VICENTE SIMAO\Downloads\sts-4.23.1.RELEASE\plugins\org.eclipse.justj.openjdk.hotspot.jre.full.win32.x86_64_21.0.3.v20240426-1530\jre\bin\jimage.dll
Event: 0.691 Loaded shared library C:\Users\VICENTE SIMAO\Downloads\sts-4.23.1.RELEASE\plugins\org.eclipse.justj.openjdk.hotspot.jre.full.win32.x86_64_21.0.3.v20240426-1530\jre\bin\management.dll
Event: 0.702 Loaded shared library C:\Users\VICENTE SIMAO\Downloads\sts-4.23.1.RELEASE\plugins\org.eclipse.justj.openjdk.hotspot.jre.full.win32.x86_64_21.0.3.v20240426-1530\jre\bin\management_ext.dll
Event: 0.912 Loaded shared library C:\Users\VICENTE SIMAO\Downloads\sts-4.23.1.RELEASE\plugins\org.eclipse.justj.openjdk.hotspot.jre.full.win32.x86_64_21.0.3.v20240426-1530\jre\bin\extnet.dll
Event: 0.942 Loaded shared library C:\Users\VICENTE SIMAO\Downloads\sts-4.23.1.RELEASE\plugins\org.eclipse.justj.openjdk.hotspot.jre.full.win32.x86_64_21.0.3.v20240426-1530\jre\bin\verify.dll
Event: 3.522 Loaded shared library C:\Users\VICENTE SIMAO\Downloads\sts-4.23.1.RELEASE\plugins\org.eclipse.justj.openjdk.hotspot.jre.full.win32.x86_64_21.0.3.v20240426-1530\jre\bin\sunmscapi.dll

Deoptimization events (20 events):
Event: 20.502 Thread 0x000001d96000dea0 DEOPT PACKING pc=0x000001d94e78d38c sp=0x0000001e965f95f0
Event: 20.502 Thread 0x000001d96000dea0 DEOPT UNPACKING pc=0x000001d94e354e42 sp=0x0000001e965f8ac8 mode 1
Event: 20.505 Thread 0x000001d96000dea0 DEOPT PACKING pc=0x000001d94e7f71d9 sp=0x0000001e965f8c50
Event: 20.505 Thread 0x000001d96000dea0 DEOPT UNPACKING pc=0x000001d94e354e42 sp=0x0000001e965f80a8 mode 1
Event: 20.505 Thread 0x000001d96000dea0 DEOPT PACKING pc=0x000001d94e82c8ac sp=0x0000001e965f8ce0
Event: 20.505 Thread 0x000001d96000dea0 DEOPT UNPACKING pc=0x000001d94e354e42 sp=0x0000001e965f8188 mode 1
Event: 20.505 Thread 0x000001d96000dea0 DEOPT PACKING pc=0x000001d94e78e514 sp=0x0000001e965f9760
Event: 20.505 Thread 0x000001d96000dea0 DEOPT UNPACKING pc=0x000001d94e354e42 sp=0x0000001e965f8c28 mode 1
Event: 20.505 Thread 0x000001d96000dea0 DEOPT PACKING pc=0x000001d94e78d38c sp=0x0000001e965f97f0
Event: 20.505 Thread 0x000001d96000dea0 DEOPT UNPACKING pc=0x000001d94e354e42 sp=0x0000001e965f8cc8 mode 1
Event: 20.506 Thread 0x000001d96000dea0 DEOPT PACKING pc=0x000001d94e7f71d9 sp=0x0000001e965f8c50
Event: 20.506 Thread 0x000001d96000dea0 DEOPT UNPACKING pc=0x000001d94e354e42 sp=0x0000001e965f80a8 mode 1
Event: 20.506 Thread 0x000001d96000dea0 DEOPT PACKING pc=0x000001d94e82c8ac sp=0x0000001e965f8ce0
Event: 20.506 Thread 0x000001d96000dea0 DEOPT UNPACKING pc=0x000001d94e354e42 sp=0x0000001e965f8188 mode 1
Event: 20.506 Thread 0x000001d96000dea0 DEOPT PACKING pc=0x000001d94e78e514 sp=0x0000001e965f9760
Event: 20.506 Thread 0x000001d96000dea0 DEOPT UNPACKING pc=0x000001d94e354e42 sp=0x0000001e965f8c28 mode 1
Event: 20.506 Thread 0x000001d96000dea0 DEOPT PACKING pc=0x000001d94e78d38c sp=0x0000001e965f97f0
Event: 20.506 Thread 0x000001d96000dea0 DEOPT UNPACKING pc=0x000001d94e354e42 sp=0x0000001e965f8cc8 mode 1
Event: 1170.219 Thread 0x000001d96000b740 DEOPT PACKING pc=0x000001d94efd73b4 sp=0x0000001e964fc060
Event: 1170.219 Thread 0x000001d96000b740 DEOPT UNPACKING pc=0x000001d94e354e42 sp=0x0000001e964fb508 mode 0

Classes loaded (20 events):
Event: 20.740 Loading class java/time/Clock$SystemClock
Event: 20.740 Loading class java/time/Clock$SystemClock done
Event: 20.741 Loading class java/time/zone/ZoneRulesProvider
Event: 20.741 Loading class java/time/zone/ZoneRulesProvider done
Event: 20.741 Loading class java/time/zone/ZoneRulesProvider$1
Event: 20.741 Loading class java/time/zone/ZoneRulesProvider$1 done
Event: 20.741 Loading class java/time/zone/TzdbZoneRulesProvider
Event: 20.742 Loading class java/time/zone/TzdbZoneRulesProvider done
Event: 20.747 Loading class java/time/zone/Ser
Event: 20.748 Loading class java/time/zone/Ser done
Event: 20.748 Loading class java/time/DayOfWeek
Event: 20.749 Loading class java/time/DayOfWeek done
Event: 20.749 Loading class java/time/zone/ZoneOffsetTransitionRule$TimeDefinition
Event: 20.749 Loading class java/time/zone/ZoneOffsetTransitionRule$TimeDefinition done
Event: 20.751 Loading class java/time/temporal/TemporalAdjusters
Event: 20.752 Loading class java/time/temporal/TemporalAdjusters done
Event: 20.801 Loading class java/util/stream/LongStream
Event: 20.802 Loading class java/util/stream/LongStream done
Event: 20.802 Loading class java/util/stream/DoubleStream
Event: 20.803 Loading class java/util/stream/DoubleStream done

Classes unloaded (0 events):
No events

Classes redefined (1 events):
Event: 1170.240 Thread 0x000001d95848ed00 redefined class name=com.example.vicenteytech.controllers.OrderController, count=1

Internal exceptions (20 events):
Event: 6.301 Thread 0x000001d9485de240 Exception <a 'java/lang/NoSuchMethodError'{0x0000000708a6a098}: 'java.lang.Object java.lang.invoke.DirectMethodHandle$Holder.newInvokeSpecial(java.lang.Object, java.lang.Object, java.lang.Object, java.lang.Object, java.lang.Object, java.lang.Object, java.lang.Object, java.lang.Object, java.lang.Object)'> (0x0000000708a6a098) 
thrown [s\src\hotspot\share\interpreter\linkResolver.cpp, line 773]
Event: 6.354 Thread 0x000001d9485de240 Exception <a 'java/lang/ClassNotFoundException'{0x0000000714c37ce8}: java/lang/ObjectCustomizer> (0x0000000714c37ce8) 
thrown [s\src\hotspot\share\classfile\systemDictionary.cpp, line 312]
Event: 6.355 Thread 0x000001d9485de240 Exception <a 'java/lang/ClassNotFoundException'{0x0000000714c3fed0}: org/springframework/security/config/annotation/web/configuration/WebSecurityConfigurationCustomizer> (0x0000000714c3fed0) 
thrown [s\src\hotspot\share\classfile\systemDictionary.cpp, line 312]
Event: 6.355 Thread 0x000001d9485de240 Exception <a 'java/lang/ClassNotFoundException'{0x0000000714c4d028}: org/springframework/context/annotation/ImportAwareCustomizer> (0x0000000714c4d028) 
thrown [s\src\hotspot\share\classfile\systemDictionary.cpp, line 312]
Event: 6.356 Thread 0x000001d9485de240 Exception <a 'java/lang/ClassNotFoundException'{0x0000000714c52368}: org/springframework/beans/factory/AwareCustomizer> (0x0000000714c52368) 
thrown [s\src\hotspot\share\classfile\systemDictionary.cpp, line 312]
Event: 6.356 Thread 0x000001d9485de240 Exception <a 'java/lang/ClassNotFoundException'{0x0000000714c568c0}: org/springframework/beans/factory/BeanClassLoaderAwareCustomizer> (0x0000000714c568c0) 
thrown [s\src\hotspot\share\classfile\systemDictionary.cpp, line 312]
Event: 6.356 Thread 0x000001d9485de240 Exception <a 'java/lang/ClassNotFoundException'{0x0000000714c5bbe0}: org/springframework/beans/factory/AwareCustomizer> (0x0000000714c5bbe0) 
thrown [s\src\hotspot\share\classfile\systemDictionary.cpp, line 312]
Event: 6.510 Thread 0x000001d9485de240 Exception <a 'java/lang/ClassNotFoundException'{0x000000070a80fd20}: java/lang/ObjectCustomizer> (0x000000070a80fd20) 
thrown [s\src\hotspot\share\classfile\systemDictionary.cpp, line 312]
Event: 6.511 Thread 0x000001d9485de240 Exception <a 'java/lang/ClassNotFoundException'{0x000000070a817f08}: org/springframework/security/config/annotation/web/configuration/HttpSecurityConfigurationCustomizer> (0x000000070a817f08) 
thrown [s\src\hotspot\share\classfile\systemDictionary.cpp, line 312]
Event: 6.525 Thread 0x000001d9485de240 Exception <a 'java/lang/NoSuchMethodError'{0x000000070a9650f0}: 'java.lang.Object java.lang.invoke.DirectMethodHandle$Holder.invokeVirtual(java.lang.Object, java.lang.Object, java.lang.Object, java.lang.Object, java.lang.Object, java.lang.Object)'> (0x000000070a9650f0) 
thrown [s\src\hotspot\share\interpreter\linkResolver.cpp, line 773]
Event: 6.573 Thread 0x000001d9485de240 Exception <a 'java/lang/NoSuchMethodError'{0x000000070a4cca48}: 'java.lang.Object java.lang.invoke.DirectMethodHandle$Holder.invokeInterface(java.lang.Object, java.lang.Object, java.lang.Object, java.lang.Object)'> (0x000000070a4cca48) 
thrown [s\src\hotspot\share\interpreter\linkResolver.cpp, line 773]
Event: 6.687 Thread 0x000001d9485de240 Exception <a 'java/lang/NoSuchMethodError'{0x0000000709d5a188}: 'void java.lang.invoke.DirectMethodHandle$Holder.invokeVirtual(java.lang.Object, java.lang.Object, long)'> (0x0000000709d5a188) 
thrown [s\src\hotspot\share\interpreter\linkResolver.cpp, line 773]
Event: 6.797 Thread 0x000001d9485de240 Exception <a 'java/lang/IncompatibleClassChangeError'{0x00000007092af2f8}: Found class java.lang.Object, but interface was expected> (0x00000007092af2f8) 
thrown [s\src\hotspot\share\interpreter\linkResolver.cpp, line 840]
Event: 6.831 Thread 0x000001d9485de240 Exception <a 'java/lang/NoSuchMethodError'{0x000000070915b718}: 'int java.lang.invoke.DirectMethodHandle$Holder.invokeStaticInit(java.lang.Object, java.lang.Object, java.lang.Object, java.lang.Object)'> (0x000000070915b718) 
thrown [s\src\hotspot\share\interpreter\linkResolver.cpp, line 773]
Event: 6.911 Thread 0x000001d9485de240 Exception <a 'java/lang/NoSuchMethodError'{0x0000000714c090b0}: 'java.lang.Object java.lang.invoke.DirectMethodHandle$Holder.invokeSpecial(java.lang.Object, java.lang.Object, int, java.lang.Object, int, java.lang.Object)'> (0x0000000714c090b0) 
thrown [s\src\hotspot\share\interpreter\linkResolver.cpp, line 773]
Event: 6.911 Thread 0x000001d9485de240 Exception <a 'java/lang/NoSuchMethodError'{0x0000000714c10258}: 'java.lang.Object java.lang.invoke.DirectMethodHandle$Holder.newInvokeSpecial(java.lang.Object, java.lang.Object, int, java.lang.Object, int)'> (0x0000000714c10258) 
thrown [s\src\hotspot\share\interpreter\linkResolver.cpp, line 773]
Event: 6.911 Thread 0x000001d9485de240 Exception <a 'java/lang/NoSuchMethodError'{0x0000000714c140c8}: 'java.lang.Object java.lang.invoke.DirectMethodHandle$Holder.invokeSpecial(java.lang.Object, java.lang.Object, java.lang.Object, int, java.lang.Object, int)'> (0x0000000714c140c8) 
thrown [s\src\hotspot\share\interpreter\linkResolver.cpp, line 773]
Event: 20.484 Thread 0x000001d96000dea0 Exception <a 'java/lang/NoSuchMethodError'{0x0000000715686d80}: 'java.lang.Object java.lang.invoke.DirectMethodHandle$Holder.invokeStaticInit(java.lang.Object, java.lang.Object, java.lang.Object, java.lang.Object, java.lang.Object, java.lang.Object)'> (0x0000000715686d80) 
thrown [s\src\hotspot\share\interpreter\linkResolver.cpp, line 773]
Event: 20.512 Thread 0x000001d96000dea0 Exception <a 'java/lang/NoSuchMethodError'{0x000000071579f430}: 'void java.lang.invoke.Invokers$Holder.invokeExact_MT(java.lang.Object, java.lang.Object, int, java.lang.Object)'> (0x000000071579f430) 
thrown [s\src\hotspot\share\interpreter\linkResolver.cpp, line 773]
Event: 33.339 Thread 0x000001d96000b740 Exception <a 'java/lang/IncompatibleClassChangeError'{0x000000070b438768}: Found class java.lang.Object, but interface was expected> (0x000000070b438768) 
thrown [s\src\hotspot\share\interpreter\linkResolver.cpp, line 840]

ZGC Phase Switch (0 events):
No events

VM Operations (20 events):
Event: 657.775 Executing VM operation: Cleanup
Event: 657.775 Executing VM operation: Cleanup done
Event: 781.404 Executing VM operation: Cleanup
Event: 781.405 Executing VM operation: Cleanup done
Event: 1082.726 Executing VM operation: HandshakeAllThreads (HandshakeForDeflation)
Event: 1082.726 Executing VM operation: HandshakeAllThreads (HandshakeForDeflation) done
Event: 1082.726 Executing VM operation: RendezvousGCThreads
Event: 1082.726 Executing VM operation: RendezvousGCThreads done
Event: 1142.923 Executing VM operation: HandshakeAllThreads (HandshakeForDeflation)
Event: 1142.924 Executing VM operation: HandshakeAllThreads (HandshakeForDeflation) done
Event: 1142.924 Executing VM operation: RendezvousGCThreads
Event: 1142.924 Executing VM operation: RendezvousGCThreads done
Event: 1170.217 Executing VM operation: ChangeSingleStep
Event: 1170.217 Executing VM operation: ChangeSingleStep done
Event: 1170.219 Executing VM operation: ChangeSingleStep
Event: 1170.219 Executing VM operation: ChangeSingleStep done
Event: 1170.233 Executing VM operation: RedefineClasses
Event: 1170.261 Executing VM operation: RedefineClasses done
Event: 1170.264 Executing VM operation: ChangeSingleStep
Event: 1170.264 Executing VM operation: ChangeSingleStep done

Events (20 events):
Event: 6.919 Thread 0x000001d95f30c130 Thread added: 0x000001d95f30c130
Event: 6.919 Thread 0x000001d95f30c7c0 Thread added: 0x000001d95f30c7c0
Event: 6.919 Thread 0x000001d96000b740 Thread added: 0x000001d96000b740
Event: 6.919 Thread 0x000001d96000dea0 Thread added: 0x000001d96000dea0
Event: 6.919 Thread 0x000001d96000f250 Thread added: 0x000001d96000f250
Event: 6.919 Thread 0x000001d96000c460 Thread added: 0x000001d96000c460
Event: 6.919 Thread 0x000001d9600119b0 Thread added: 0x000001d9600119b0
Event: 6.920 Thread 0x000001d960010600 Thread added: 0x000001d960010600
Event: 6.920 Thread 0x000001d960012040 Thread added: 0x000001d960012040
Event: 6.920 Thread 0x000001d960010c90 Thread added: 0x000001d960010c90
Event: 6.940 Thread 0x000001d96000bdd0 Thread added: 0x000001d96000bdd0
Event: 6.942 Thread 0x000001d96000d180 Thread added: 0x000001d96000d180
Event: 7.045 Thread 0x000001d9485de240 Thread exited: 0x000001d9485de240
Event: 7.046 Thread 0x000001d96000e530 Thread added: 0x000001d96000e530
Event: 9.909 Thread 0x000001d95f30ad80 Thread exited: 0x000001d95f30ad80
Event: 11.976 Thread 0x000001d9586d5790 Thread exited: 0x000001d9586d5790
Event: 17.154 Thread 0x000001d9586e90b0 Thread exited: 0x000001d9586e90b0
Event: 33.351 Thread 0x000001d958792c30 Thread added: 0x000001d958792c30
Event: 41.946 Thread 0x000001d958792c30 Thread exited: 0x000001d958792c30
Event: 91.029 Thread 0x000001d95d7c7e60 Thread exited: 0x000001d95d7c7e60


Dynamic libraries:
0x00007ff614710000 - 0x00007ff61471e000 	C:\Users\VICENTE SIMAO\Downloads\sts-4.23.1.RELEASE\plugins\org.eclipse.justj.openjdk.hotspot.jre.full.win32.x86_64_21.0.3.v20240426-1530\jre\bin\javaw.exe
0x00007ffaf2450000 - 0x00007ffaf2648000 	C:\WINDOWS\SYSTEM32\ntdll.dll
0x00007ffaf1a00000 - 0x00007ffaf1ac1000 	C:\WINDOWS\System32\KERNEL32.DLL
0x00007ffaefda0000 - 0x00007ffaf0096000 	C:\WINDOWS\System32\KERNELBASE.dll
0x00007ffaf0380000 - 0x00007ffaf0480000 	C:\WINDOWS\System32\ucrtbase.dll
0x00007ffae6ec0000 - 0x00007ffae6ed8000 	C:\Users\VICENTE SIMAO\Downloads\sts-4.23.1.RELEASE\plugins\org.eclipse.justj.openjdk.hotspot.jre.full.win32.x86_64_21.0.3.v20240426-1530\jre\bin\jli.dll
0x00007ffaf1450000 - 0x00007ffaf15ef000 	C:\WINDOWS\System32\USER32.dll
0x00007ffaf0230000 - 0x00007ffaf0252000 	C:\WINDOWS\System32\win32u.dll
0x00007ffaf2060000 - 0x00007ffaf208b000 	C:\WINDOWS\System32\GDI32.dll
0x00007ffaf0260000 - 0x00007ffaf0377000 	C:\WINDOWS\System32\gdi32full.dll
0x00007ffaf0190000 - 0x00007ffaf022d000 	C:\WINDOWS\System32\msvcp_win.dll
0x00007ffad4500000 - 0x00007ffad451b000 	C:\Users\VICENTE SIMAO\Downloads\sts-4.23.1.RELEASE\plugins\org.eclipse.justj.openjdk.hotspot.jre.full.win32.x86_64_21.0.3.v20240426-1530\jre\bin\VCRUNTIME140.dll
0x00007ffadd260000 - 0x00007ffadd4fa000 	C:\WINDOWS\WinSxS\amd64_microsoft.windows.common-controls_6595b64144ccf1df_6.0.19041.4355_none_60b8b9eb71f62e16\COMCTL32.dll
0x00007ffaf2090000 - 0x00007ffaf212e000 	C:\WINDOWS\System32\msvcrt.dll
0x00007ffaf2320000 - 0x00007ffaf234f000 	C:\WINDOWS\System32\IMM32.DLL
0x00007ffad4800000 - 0x00007ffad480c000 	C:\Users\VICENTE SIMAO\Downloads\sts-4.23.1.RELEASE\plugins\org.eclipse.justj.openjdk.hotspot.jre.full.win32.x86_64_21.0.3.v20240426-1530\jre\bin\vcruntime140_1.dll
0x00007ffad4470000 - 0x00007ffad44fe000 	C:\Users\VICENTE SIMAO\Downloads\sts-4.23.1.RELEASE\plugins\org.eclipse.justj.openjdk.hotspot.jre.full.win32.x86_64_21.0.3.v20240426-1530\jre\bin\msvcp140.dll
0x00007ffab6440000 - 0x00007ffab71c2000 	C:\Users\VICENTE SIMAO\Downloads\sts-4.23.1.RELEASE\plugins\org.eclipse.justj.openjdk.hotspot.jre.full.win32.x86_64_21.0.3.v20240426-1530\jre\bin\server\jvm.dll
0x00007ffaf2130000 - 0x00007ffaf21e0000 	C:\WINDOWS\System32\ADVAPI32.dll
0x00007ffaf1140000 - 0x00007ffaf11e0000 	C:\WINDOWS\System32\sechost.dll
0x00007ffaf1310000 - 0x00007ffaf1433000 	C:\WINDOWS\System32\RPCRT4.dll
0x00007ffaf0160000 - 0x00007ffaf0187000 	C:\WINDOWS\System32\bcrypt.dll
0x00007ffaf1990000 - 0x00007ffaf19fb000 	C:\WINDOWS\System32\WS2_32.dll
0x00007ffadb080000 - 0x00007ffadb0a7000 	C:\WINDOWS\SYSTEM32\WINMM.dll
0x00007ffaef040000 - 0x00007ffaef08b000 	C:\WINDOWS\SYSTEM32\POWRPROF.dll
0x00007ffae85b0000 - 0x00007ffae85ba000 	C:\WINDOWS\SYSTEM32\VERSION.dll
0x00007ffaeeeb0000 - 0x00007ffaeeec2000 	C:\WINDOWS\SYSTEM32\UMPDC.dll
0x00007ffaee2d0000 - 0x00007ffaee2e2000 	C:\WINDOWS\SYSTEM32\kernel.appcore.dll
0x00007ffae7f10000 - 0x00007ffae7f1a000 	C:\Users\VICENTE SIMAO\Downloads\sts-4.23.1.RELEASE\plugins\org.eclipse.justj.openjdk.hotspot.jre.full.win32.x86_64_21.0.3.v20240426-1530\jre\bin\jimage.dll
0x00007ffaed6d0000 - 0x00007ffaed8b4000 	C:\WINDOWS\SYSTEM32\DBGHELP.DLL
0x00007ffad0480000 - 0x00007ffad04b4000 	C:\WINDOWS\SYSTEM32\dbgcore.DLL
0x00007ffaefd10000 - 0x00007ffaefd92000 	C:\WINDOWS\System32\bcryptPrimitives.dll
0x00007ffaeb570000 - 0x00007ffaeb5ac000 	C:\Users\VICENTE SIMAO\Downloads\sts-4.23.1.RELEASE\plugins\org.eclipse.justj.openjdk.hotspot.jre.full.win32.x86_64_21.0.3.v20240426-1530\jre\bin\jdwp.dll
0x00007ffae7f00000 - 0x00007ffae7f0f000 	C:\Users\VICENTE SIMAO\Downloads\sts-4.23.1.RELEASE\plugins\org.eclipse.justj.openjdk.hotspot.jre.full.win32.x86_64_21.0.3.v20240426-1530\jre\bin\instrument.dll
0x00007ffae7ee0000 - 0x00007ffae7eff000 	C:\Users\VICENTE SIMAO\Downloads\sts-4.23.1.RELEASE\plugins\org.eclipse.justj.openjdk.hotspot.jre.full.win32.x86_64_21.0.3.v20240426-1530\jre\bin\java.dll
0x00007ffae52a0000 - 0x00007ffae52b8000 	C:\Users\VICENTE SIMAO\Downloads\sts-4.23.1.RELEASE\plugins\org.eclipse.justj.openjdk.hotspot.jre.full.win32.x86_64_21.0.3.v20240426-1530\jre\bin\zip.dll
0x00007ffaf0670000 - 0x00007ffaf0ddc000 	C:\WINDOWS\System32\SHELL32.dll
0x00007ffaedb20000 - 0x00007ffaee2be000 	C:\WINDOWS\SYSTEM32\windows.storage.dll
0x00007ffaf0de0000 - 0x00007ffaf1133000 	C:\WINDOWS\System32\combase.dll
0x00007ffaef440000 - 0x00007ffaef46e000 	C:\WINDOWS\SYSTEM32\Wldp.dll
0x00007ffaf21e0000 - 0x00007ffaf22ad000 	C:\WINDOWS\System32\OLEAUT32.dll
0x00007ffaf17b0000 - 0x00007ffaf185d000 	C:\WINDOWS\System32\SHCORE.dll
0x00007ffaf1860000 - 0x00007ffaf18b5000 	C:\WINDOWS\System32\shlwapi.dll
0x00007ffaefa30000 - 0x00007ffaefa54000 	C:\WINDOWS\SYSTEM32\profapi.dll
0x00007ffaeb530000 - 0x00007ffaeb53b000 	C:\Users\VICENTE SIMAO\Downloads\sts-4.23.1.RELEASE\plugins\org.eclipse.justj.openjdk.hotspot.jre.full.win32.x86_64_21.0.3.v20240426-1530\jre\bin\dt_socket.dll
0x00007ffaeeed0000 - 0x00007ffaeef0b000 	C:\WINDOWS\SYSTEM32\IPHLPAPI.DLL
0x00007ffaef220000 - 0x00007ffaef28a000 	C:\WINDOWS\system32\mswsock.dll
0x00007ffaeef20000 - 0x00007ffaeefea000 	C:\WINDOWS\SYSTEM32\DNSAPI.dll
0x00007ffaf1440000 - 0x00007ffaf1448000 	C:\WINDOWS\System32\NSI.dll
0x00007ffadc280000 - 0x00007ffadc28a000 	C:\Windows\System32\rasadhlp.dll
0x00007ffaddd70000 - 0x00007ffadddf0000 	C:\WINDOWS\System32\fwpuclnt.dll
0x00007ffae7d80000 - 0x00007ffae7d90000 	C:\Users\VICENTE SIMAO\Downloads\sts-4.23.1.RELEASE\plugins\org.eclipse.justj.openjdk.hotspot.jre.full.win32.x86_64_21.0.3.v20240426-1530\jre\bin\net.dll
0x00007ffae5090000 - 0x00007ffae519a000 	C:\WINDOWS\SYSTEM32\WINHTTP.dll
0x00007ffadd510000 - 0x00007ffadd526000 	C:\Users\VICENTE SIMAO\Downloads\sts-4.23.1.RELEASE\plugins\org.eclipse.justj.openjdk.hotspot.jre.full.win32.x86_64_21.0.3.v20240426-1530\jre\bin\nio.dll
0x00007ffad4440000 - 0x00007ffad444a000 	C:\Users\VICENTE SIMAO\Downloads\sts-4.23.1.RELEASE\plugins\org.eclipse.justj.openjdk.hotspot.jre.full.win32.x86_64_21.0.3.v20240426-1530\jre\bin\management.dll
0x00007ffad4430000 - 0x00007ffad443b000 	C:\Users\VICENTE SIMAO\Downloads\sts-4.23.1.RELEASE\plugins\org.eclipse.justj.openjdk.hotspot.jre.full.win32.x86_64_21.0.3.v20240426-1530\jre\bin\management_ext.dll
0x00007ffaf22b0000 - 0x00007ffaf22b8000 	C:\WINDOWS\System32\PSAPI.DLL
0x00007ffaca420000 - 0x00007ffaca437000 	C:\WINDOWS\system32\napinsp.dll
0x00007ffaca400000 - 0x00007ffaca41b000 	C:\WINDOWS\system32\pnrpnsp.dll
0x00007ffaebf10000 - 0x00007ffaebf25000 	C:\WINDOWS\system32\wshbth.dll
0x00007ffae8fd0000 - 0x00007ffae8fed000 	C:\WINDOWS\system32\NLAapi.dll
0x00007ffacda20000 - 0x00007ffacda32000 	C:\WINDOWS\System32\winrnr.dll
0x00007ffaef790000 - 0x00007ffaef7a8000 	C:\WINDOWS\SYSTEM32\CRYPTSP.dll
0x00007ffaeeaf0000 - 0x00007ffaeeb24000 	C:\WINDOWS\system32\rsaenh.dll
0x00007ffaef9e0000 - 0x00007ffaefa0e000 	C:\WINDOWS\SYSTEM32\USERENV.dll
0x00007ffaef3b0000 - 0x00007ffaef3bc000 	C:\WINDOWS\SYSTEM32\CRYPTBASE.dll
0x00007ffad4420000 - 0x00007ffad4429000 	C:\Users\VICENTE SIMAO\Downloads\sts-4.23.1.RELEASE\plugins\org.eclipse.justj.openjdk.hotspot.jre.full.win32.x86_64_21.0.3.v20240426-1530\jre\bin\extnet.dll
0x00007ffadea80000 - 0x00007ffadea90000 	C:\Users\VICENTE SIMAO\Downloads\sts-4.23.1.RELEASE\plugins\org.eclipse.justj.openjdk.hotspot.jre.full.win32.x86_64_21.0.3.v20240426-1530\jre\bin\verify.dll
0x00007ffadc860000 - 0x00007ffadc86e000 	C:\Users\VICENTE SIMAO\Downloads\sts-4.23.1.RELEASE\plugins\org.eclipse.justj.openjdk.hotspot.jre.full.win32.x86_64_21.0.3.v20240426-1530\jre\bin\sunmscapi.dll
0x00007ffaefb00000 - 0x00007ffaefc5e000 	C:\WINDOWS\System32\CRYPT32.dll
0x00007ffaef4b0000 - 0x00007ffaef4d9000 	C:\WINDOWS\SYSTEM32\ncrypt.dll
0x00007ffaef470000 - 0x00007ffaef4ab000 	C:\WINDOWS\SYSTEM32\NTASN1.dll
0x00007ffaeb520000 - 0x00007ffaeb527000 	C:\WINDOWS\system32\wshunix.dll

dbghelp: loaded successfully - version: 4.0.5 - missing functions: none
symbol engine: initialized successfully - sym options: 0x614 - pdb path: .;C:\Users\VICENTE SIMAO\Downloads\sts-4.23.1.RELEASE\plugins\org.eclipse.justj.openjdk.hotspot.jre.full.win32.x86_64_21.0.3.v20240426-1530\jre\bin;C:\WINDOWS\SYSTEM32;C:\WINDOWS\WinSxS\amd64_microsoft.windows.common-controls_6595b64144ccf1df_6.0.19041.4355_none_60b8b9eb71f62e16;C:\Users\VICENTE SIMAO\Downloads\sts-4.23.1.RELEASE\plugins\org.eclipse.justj.openjdk.hotspot.jre.full.win32.x86_64_21.0.3.v20240426-1530\jre\bin\server

VM Arguments:
jvm_args: -XX:+ShowCodeDetailsInExceptionMessages -agentlib:jdwp=transport=dt_socket,suspend=y,address=localhost:50726 -Dcom.sun.management.jmxremote -Dcom.sun.management.jmxremote.port=50725 -Dcom.sun.management.jmxremote.authenticate=false -Dcom.sun.management.jmxremote.ssl=false -Djava.rmi.server.hostname=localhost -Dspring.jmx.enabled=true -Dmanagement.endpoints.jmx.exposure.include=* -Dspring.application.admin.enabled=true -XX:TieredStopAtLevel=1 -Dspring.boot.project.name=vicente-ytech -javaagent:C:\Users\VICENTE SIMAO\Downloads\sts-4.23.1.RELEASE\configuration\org.eclipse.osgi\270\0\.cp\lib\javaagent-shaded.jar -Dfile.encoding=UTF-8 -Dstdout.encoding=UTF-8 -Dstderr.encoding=UTF-8 
java_command: com.example.vicenteytech.VicenteYtechApplication --spring.output.ansi.enabled=always
java_class_path (initial): C:\Users\VICENTE SIMAO\Documents\java_apps\vicente-ytech\target\classes;C:\Users\VICENTE SIMAO\.m2\repository\org\springframework\boot\spring-boot-starter\2.7.16\spring-boot-starter-2.7.16.jar;C:\Users\VICENTE SIMAO\.m2\repository\org\springframework\boot\spring-boot\2.7.16\spring-boot-2.7.16.jar;C:\Users\VICENTE SIMAO\.m2\repository\org\springframework\spring-context\5.3.30\spring-context-5.3.30.jar;C:\Users\VICENTE SIMAO\.m2\repository\org\springframework\boot\spring-boot-autoconfigure\2.7.16\spring-boot-autoconfigure-2.7.16.jar;C:\Users\VICENTE SIMAO\.m2\repository\org\springframework\boot\spring-boot-starter-logging\2.7.16\spring-boot-starter-logging-2.7.16.jar;C:\Users\VICENTE SIMAO\.m2\repository\ch\qos\logback\logback-classic\1.2.12\logback-classic-1.2.12.jar;C:\Users\VICENTE SIMAO\.m2\repository\ch\qos\logback\logback-core\1.2.12\logback-core-1.2.12.jar;C:\Users\VICENTE SIMAO\.m2\repository\org\apache\logging\log4j\log4j-to-slf4j\2.17.2\log4j-to-slf4j-2.17.2.jar;C:\Users\VICENTE SIMAO\.m2\repository\org\apache\logging\log4j\log4j-api\2.17.2\log4j-api-2.17.2.jar;C:\Users\VICENTE SIMAO\.m2\repository\org\slf4j\jul-to-slf4j\1.7.36\jul-to-slf4j-1.7.36.jar;C:\Users\VICENTE SIMAO\.m2\repository\jakarta\annotation\jakarta.annotation-api\1.3.5\jakarta.annotation-api-1.3.5.jar;C:\Users\VICENTE SIMAO\.m2\repository\org\springframework\spring-core\5.3.30\spring-core-5.3.30.jar;C:\Users\VICENTE SIMAO\.m2\repository\org\springframework\spring-jcl\5.3.30\spring-jcl-5.3.30.jar;C:\Users\VICENTE SIMAO\.m2\repository\org\yaml\snakeyaml\1.30\snakeyaml-1.30.jar;C:\Users\VICENTE SIMAO\.m2\repository\org\springframework\boot\spring-boot-starter-web\2.7.16\spring-boot-starter-web-2.7.16.jar;C:\Users\VICENTE SIMAO\.m2\repository\org\springframework\boot\spring-boot-starter-json\2.7.16\spring-boot-starter-json-2.7.16.jar;C:\Users\VICENTE SIMAO\.m2\repository\com\fasterxml\jackson\datatype\jackson-datatype-jdk8\2.13.5\jackson-datatype-jdk8-2.13.5.jar;C:\Users\VICENTE SIMAO\.m2\repository\com\fasterxml\jackson\datatype\jackson-datatype-jsr310\2.13.5\jackson-datatype-jsr310-2.13.5.jar;C:\Users\VICENTE SIMAO\.m2\repository\com\fasterxml\jackson\module\jackson-module-parameter-names\2.13.5\jackson-module-parameter-names-2.13.5.jar;C:\Users\VICENTE SIMAO\.m2\repository\org\springframework\boot\spring-boot-starter-tomcat\2.7.16\spring-boot-starter-tomcat-2.7.16.jar;C:\Users\VICENTE SIMAO\.m2\repository\org\apache\tomcat\embed\tomcat-embed-core\9.0.80\tomcat-embed-core-9.0.80.jar;C:\Users\VICENTE SIMAO\.m2\repository\org\apache\tomcat\embed\tomcat-embed-websocket\9.0.80\tomcat-embed-websocket-9.0.80.jar;C:\Users\VICENTE SIMAO\.m2\repository\org\springframework\spring-web\5.3.30\spring-web-5.3.30.jar;C:\Users\VICENTE SIMAO\.m2\repository\org\springframework\spring-beans\5.3.30\spring-beans-5.3.30.jar;C:\Users\VICENTE SIMAO\.m2\repository\org\springframework\spring-webmvc\5.3.30\spring-webmvc-5.3.30.jar;C:\Users\VICENTE SIMAO\.m2\repository\org\springframework\spring-expression\5.3.30\spring-expression-5.3.30.jar;C:\Users\VICENTE SIMAO\.m2\repository\org\springframework\boot\spring-boot-starter-validation\2.7.16\spring-boot-starter-validation-2.7.16.jar;C:\Users\VICENTE SIMAO\.m2\repository\org\apache\tomcat\embed\tomcat-embed-el\9.0.80\tomcat-embed-el-9.0.80.jar;C:\Users\VICENTE SIMAO\.m2\repository\org\hibernate\validator\hibernate-validator\6.2.5.Final\hibernate-validator-6.2.5.Final.jar;C:\Users\VICENTE SIMAO\.m2\repository\jakarta\validation\jakarta.validation-api\2.0.2\jakarta.validation-api-2.0.2.jar;C:\Users\VICENTE SIMAO\.m2\repository\org\jboss\logging\jboss-logging\3.4.3.Final\jboss-logging-3.4.3.Final.jar;C:\Users\VICENTE SIMAO\.m2\repository\org\springframework\boot\spring-boot-starter-data-jpa\2.7.16\spring-boot-starter-data-jpa-2.7.16.jar;C:\Users\VICENTE SIMAO\.m2\repository\org\springframework\boot\spring-boot-starter-aop\2.7.16\spring-boot-starter-aop-2.7.16.jar;C:\Users\VICENTE SIMAO\.m2\repository\org\aspectj\aspectjweaver\1.9.7\aspectjweaver-1.9.7.jar;C:\Users\VICENTE SIMAO\.m2\repository\org\springframework\boot\spring-boot-starter-jdbc\2.7.16\spring-boot-starter-jdbc-2.7.16.jar;C:\Users\VICENTE SIMAO\.m2\repository\com\zaxxer\HikariCP\4.0.3\HikariCP-4.0.3.jar;C:\Users\VICENTE SIMAO\.m2\repository\org\springframework\spring-jdbc\5.3.30\spring-jdbc-5.3.30.jar;C:\Users\VICENTE SIMAO\.m2\repository\jakarta\transaction\jakarta.transaction-api\1.3.3\jakarta.transaction-api-1.3.3.jar;C:\Users\VICENTE SIMAO\.m2\repository\jakarta\persistence\jakarta.persistence-api\2.2.3\jakarta.persistence-api-2.2.3.jar;C:\Users\VICENTE SIMAO\.m2\repository\org\hibernate\hibernate-core\5.6.15.Final\hibernate-core-5.6.15.Final.jar;C:\Users\VICENTE SIMAO\.m2\repository\net\bytebuddy\byte-buddy\1.12.23\byte-buddy-1.12.23.jar;C:\Users\VICENTE SIMAO\.m2\repository\antlr\antlr\2.7.7\antlr-2.7.7.jar;C:\Users\VICENTE SIMAO\.m2\repository\org\jboss\jandex\2.4.2.Final\jandex-2.4.2.Final.jar;C:\Users\VICENTE SIMAO\.m2\repository\org\hibernate\common\hibernate-commons-annotations\5.1.2.Final\hibernate-commons-annotations-5.1.2.Final.jar;C:\Users\VICENTE SIMAO\.m2\repository\org\glassfish\jaxb\jaxb-runtime\2.3.8\jaxb-runtime-2.3.8.jar;C:\Users\VICENTE SIMAO\.m2\repository\org\glassfish\jaxb\txw2\2.3.8\txw2-2.3.8.jar;C:\Users\VICENTE SIMAO\.m2\repository\com\sun\istack\istack-commons-runtime\3.0.12\istack-commons-runtime-3.0.12.jar;C:\Users\VICENTE SIMAO\.m2\repository\com\sun\activation\jakarta.activation\1.2.2\jakarta.activation-1.2.2.jar;C:\Users\VICENTE SIMAO\.m2\repository\org\springframework\data\spring-data-jpa\2.7.16\spring-data-jpa-2.7.16.jar;C:\Users\VICENTE SIMAO\.m2\repository\org\springframework\data\spring-data-commons\2.7.16\spring-data-commons-2.7.16.jar;C:\Users\VICENTE SIMAO\.m2\repository\org\springframework\spring-orm\5.3.30\spring-orm-5.3.30.jar;C:\Users\VICENTE SIMAO\.m2\repository\org\springframework\spring-tx\5.3.30\spring-tx-5.3.30.jar;C:\Users\VICENTE SIMAO\.m2\repository\org\springframework\spring-aspects\5.3.30\spring-aspects-5.3.30.jar;C:\Users\VICENTE SIMAO\.m2\repository\org\springframework\boot\spring-boot-starter-security\2.7.16\spring-boot-starter-security-2.7.16.jar;C:\Users\VICENTE SIMAO\.m2\repository\org\springframework\spring-aop\5.3.30\spring-aop-5.3.30.jar;C:\Users\VICENTE SIMAO\.m2\repository\org\springframework\security\spring-security-config\5.7.11\spring-security-config-5.7.11.jar;C:\Users\VICENTE SIMAO\.m2\repository\org\springframework\security\spring-security-core\5.7.11\spring-security-core-5.7.11.jar;C:\Users\VICENTE SIMAO\.m2\repository\org\springframework\security\spring-security-crypto\5.7.11\spring-security-crypto-5.7.11.jar;C:\Users\VICENTE SIMAO\.m2\repository\org\springframework\security\spring-security-web\5.7.11\spring-security-web-5.7.11.jar;C:\Users\VICENTE SIMAO\.m2\repository\com\h2database\h2\2.1.214\h2-2.1.214.jar;C:\Users\VICENTE SIMAO\.m2\repository\org\modelmapper\modelmapper\3.0.0\modelmapper-3.0.0.jar;C:\Users\VICENTE SIMAO\.m2\repository\org\postgresql\postgresql\42.3.8\postgresql-42.3.8.jar;C:\Users\VICENTE SIMAO\.m2\repository\org\checkerframework\checker-qual\3.5.0\checker-qual-3.5.0.jar;C:\Users\VICENTE SIMAO\.m2\repository\org\projectlombok\lombok\1.18.30\lombok-1.18.30.jar;C:\Users\VICENTE SIMAO\.m2\repository\io\jsonwebtoken\jjwt\0.9.1\jjwt-0.9.1.jar;C:\Users\VICENTE SIMAO\.m2\repository\com\fasterxml\jackson\core\jackson-databind\2.13.5\jackson-databind-2.13.5.jar;C:\Users\VICENTE SIMAO\.m2\repository\com\fasterxml\jackson\core\jackson-annotations\2.13.5\jackson-annotations-2.13.5.jar;C:\Users\VICENTE SIMAO\.m2\repository\com\fasterxml\jackson\core\jackson-core\2.13.5\jackson-core-2.13.5.jar;C:\Users\VICENTE SIMAO\.m2\repository\io\springfox\springfox-swagger2\2.9.2\springfox-swagger2-2.9.2.jar;C:\Users\VICENTE SIMAO\.m2\repository\io\swagger\swagger-annotations\1.5.20\swagger-annotations-1.5.20.jar;C:\Users\VICENTE SIMAO\.m2\repository\io\swagger\swagger-models\1.5.20\swagger-models-1.5.20.jar;C:\Users\VICENTE SIMAO\.m2\repository\io\springfox\springfox-spi\2.9.2\springfox-spi-2.9.2.jar;C:\Users\VICENTE SIMAO\.m2\repository\io\springfox\springfox-core\2.9.2\springfox-core-2.9.2.jar;C:\Users\VICENTE SIMAO\.m2\repository\io\springfox\springfox-schema\2.9.2\springfox-schema-2.9.2.jar;C:\Users\VICENTE SIMAO\.m2\repository\io\springfox\springfox-swagger-common\2.9.2\springfox-swagger-common-2.9.2.jar;C:\Users\VICENTE SIMAO\.m2\repository\io\springfox\springfox-spring-web\2.9.2\springfox-spring-web-2.9.2.jar;C:\Users\VICENTE SIMAO\.m2\repository\com\google\guava\guava\20.0\guava-20.0.jar;C:\Users\VICENTE SIMAO\.m2\repository\com\fasterxml\classmate\1.5.1\classmate-1.5.1.jar;C:\Users\VICENTE SIMAO\.m2\repository\org\slf4j\slf4j-api\1.7.36\slf4j-api-1.7.36.jar;C:\Users\VICENTE SIMAO\.m2\repository\org\springframework\plugin\spring-plugin-core\1.2.0.RELEASE\spring-plugin-core-1.2.0.RELEASE.jar;C:\Users\VICENTE SIMAO\.m2\repository\org\springframework\plugin\spring-plugin-metadata\1.2.0.RELEASE\spring-plugin-metadata-1.2.0.RELEASE.jar;C:\Users\VICENTE SIMAO\.m2\repository\org\mapstruct\mapstruct\1.2.0.Final\mapstruct-1.2.0.Final.jar;C:\Users\VICENTE SIMAO\.m2\repository\io\springfox\springfox-swagger-ui\2.9.2\springfox-swagger-ui-2.9.2.jar;C:\Users\VICENTE SIMAO\.m2\repository\jakarta\xml\bind\jakarta.xml.bind-api\2.3.3\jakarta.xml.bind-api-2.3.3.jar;C:\Users\VICENTE SIMAO\.m2\repository\jakarta\activation\jakarta.activation-api\1.2.2\jakarta.activation-api-1.2.2.jar
Launcher Type: SUN_STANDARD

[Global flags]
     intx CICompilerCount                          = 3                                         {product} {ergonomic}
     uint ConcGCThreads                            = 1                                         {product} {ergonomic}
     uint G1ConcRefinementThreads                  = 4                                         {product} {ergonomic}
   size_t G1HeapRegionSize                         = 2097152                                   {product} {ergonomic}
    uintx GCDrainStackTargetSize                   = 64                                        {product} {ergonomic}
   size_t InitialHeapSize                          = 264241152                                 {product} {ergonomic}
     bool ManagementServer                         = true                                      {product} {command line}
   size_t MarkStackSize                            = 4194304                                   {product} {ergonomic}
   size_t MaxHeapSize                              = 4198498304                                {product} {ergonomic}
   size_t MaxNewSize                               = 2518679552                                {product} {ergonomic}
   size_t MinHeapDeltaBytes                        = 2097152                                   {product} {ergonomic}
   size_t MinHeapSize                              = 8388608                                   {product} {ergonomic}
    uintx NonNMethodCodeHeapSize                   = 4096                                   {pd product} {ergonomic}
    uintx NonProfiledCodeHeapSize                  = 0                                      {pd product} {ergonomic}
     bool ProfileInterpreter                       = false                                  {pd product} {command line}
    uintx ProfiledCodeHeapSize                     = 0                                      {pd product} {ergonomic}
     bool ShowCodeDetailsInExceptionMessages       = true                                   {manageable} {command line}
   size_t SoftMaxHeapSize                          = 4198498304                             {manageable} {ergonomic}
     intx TieredStopAtLevel                        = 1                                         {product} {command line}
     bool UseCompressedOops                        = true                           {product lp64_product} {ergonomic}
     bool UseG1GC                                  = true                                      {product} {ergonomic}
     bool UseLargePagesIndividualAllocation        = false                                  {pd product} {ergonomic}

Logging:
Log output configuration:
 #0: stdout all=warning uptime,level,tags foldmultilines=false
 #1: stderr all=off uptime,level,tags foldmultilines=false

Environment Variables:
JAVA_HOME=C:\Program Files\Java\zulu11.72.19-ca-jdk11.0.23-win_x64
PATH=C:\Users\VICENTE SIMAO\Downloads\sts-4.23.1.RELEASE\plugins\org.eclipse.justj.openjdk.hotspot.jre.full.win32.x86_64_21.0.3.v20240426-1530\jre\bin;C:/Users/VICENTE SIMAO/Downloads/sts-4.23.1.RELEASE//plugins/org.eclipse.justj.openjdk.hotspot.jre.full.win32.x86_64_21.0.3.v20240426-1530/jre/bin/server;C:/Users/VICENTE SIMAO/Downloads/sts-4.23.1.RELEASE//plugins/org.eclipse.justj.openjdk.hotspot.jre.full.win32.x86_64_21.0.3.v20240426-1530/jre/bin;C:\WINDOWS\system32;C:\WINDOWS;C:\WINDOWS\System32\Wbem;C:\WINDOWS\System32\WindowsPowerShell\v1.0\;C:\WINDOWS\System32\OpenSSH\;C:\Program Files\Docker\Docker\resources\bin;C:\Program Files\Git\cmd;C:\Users\VICENTE SIMAO\AppData\Local\Microsoft\WindowsApps;C:\Program Files\Java\zulu11.72.19-ca-jdk11.0.23-win_x64\bin;C:\Users\VICENTE SIMAO\AppData\Local\GitHubDesktop\bin;C:\Users\VICENTE SIMAO\AppData\Local\Programs\Microsoft VS Code\bin;C:\Users\VICENTE SIMAO\Downloads\sts-4.23.1.RELEASE;
USERNAME=VICENTE SIMAO
OS=Windows_NT
PROCESSOR_IDENTIFIER=Intel64 Family 6 Model 142 Stepping 9, GenuineIntel
TMP=C:\Users\VICENT~1\AppData\Local\Temp
TEMP=C:\Users\VICENT~1\AppData\Local\Temp




Periodic native trim disabled

---------------  S Y S T E M  ---------------

OS:
 Windows 10 , 64 bit Build 19041 (10.0.19041.4597)
OS uptime: 1 days 0:54 hours
Hyper-V role detected

CPU: total 4 (initial active 4) (2 cores per cpu, 2 threads per core) family 6 model 142 stepping 9 microcode 0xf4, cx8, cmov, fxsr, ht, mmx, 3dnowpref, sse, sse2, sse3, ssse3, sse4.1, sse4.2, popcnt, lzcnt, tsc, tscinvbit, avx, avx2, aes, erms, clmul, bmi1, bmi2, rtm, adx, fma, vzeroupper, clflush, clflushopt, hv, rdtscp, f16c
Processor Information for all 4 processors :
  Max Mhz: 2904, Current Mhz: 2803, Mhz Limit: 2787

Memory: 4k page, system-wide physical 16009M (5592M free)
TotalPageFile size 31369M (AvailPageFile size 18859M)
current process WorkingSet (physical memory assigned to process): 271M, peak: 271M
current process commit charge ("private bytes"): 294M, peak: 350M

vm_info: OpenJDK 64-Bit Server VM (21.0.3+9-LTS) for windows-amd64 JRE (21.0.3+9-LTS), built on 2024-04-16T00:00:00Z by "admin" with MS VC++ 17.7 (VS2022)

END.
